<?xml version="1.0" encoding="UTF-8"?>
<!-- Generated by org.testng.reporters.JUnitReportReporter -->
<testsuite skipped="0" hostname="DESKTOP-MAJA" name="tests.TravelsMenuCheckTest" tests="1" failures="0" timestamp="2019-12-12T15:46:53 CET" time="73.995" errors="0">
  <testcase name="checkFunctionality" time="73.995" classname="tests.TravelsMenuCheckTest"/>
</testsuite> <!-- tests.TravelsMenuCheckTest -->
