<?xml version="1.0" encoding="UTF-8"?>
<!-- Generated by org.testng.reporters.JUnitReportReporter -->
<testsuite skipped="0" hostname="DESKTOP-MAJA" name="tests.TravelsLogInUsingApachePoi" tests="1" failures="0" timestamp="2019-12-12T15:43:24 CET" time="10.215" errors="0">
  <testcase name="logInTest" time="10.215" classname="tests.TravelsLogInUsingApachePoi"/>
</testsuite> <!-- tests.TravelsLogInUsingApachePoi -->
