<?xml version="1.0" encoding="UTF-8"?>
<!-- Generated by org.testng.reporters.JUnitReportReporter -->
<testsuite skipped="0" hostname="DESKTOP-MAJA" name="tests.TravelCarsExtrasAddTest" tests="2" failures="0" timestamp="2019-12-12T16:21:08 CET" time="23.128" errors="0">
  <testcase name="editDetailsInCarExtras" time="17.143" classname="tests.TravelCarsExtrasAddTest"/>
  <testcase name="isCarAdded" time="5.985" classname="tests.TravelCarsExtrasAddTest"/>
</testsuite> <!-- tests.TravelCarsExtrasAddTest -->
