<?xml version="1.0" encoding="UTF-8"?>
<!-- Generated by org.testng.reporters.JUnitReportReporter -->
<testsuite skipped="0" hostname="DESKTOP-MAJA" name="tests.TravelsLogInTest" tests="1" failures="0" timestamp="2019-12-12T15:42:01 CET" time="15.112" errors="0">
  <testcase name="logInTest" time="15.112" classname="tests.TravelsLogInTest"/>
</testsuite> <!-- tests.TravelsLogInTest -->
