<?xml version="1.0" encoding="UTF-8"?>
<!-- Generated by org.testng.reporters.JUnitReportReporter -->
<testsuite skipped="0" hostname="DESKTOP-MAJA" name="tests.TravelsCustomerEditTest" tests="2" failures="0" timestamp="2019-12-12T15:57:35 CET" time="23.766" errors="0">
  <testcase name="editDetailsInCarExtras" time="13.162" classname="tests.TravelsCustomerEditTest"/>
  <testcase name="isCustomerAdded" time="10.604" classname="tests.TravelsCustomerEditTest"/>
</testsuite> <!-- tests.TravelsCustomerEditTest -->
